<?xml version="1.0" encoding="UTF-8"?>
<testng-results skipped="0" failed="0" ignored="0" total="1" passed="1">
  <reporter-output>
  </reporter-output>
  <suite name="Default suite" duration-ms="34" started-at="2020-02-23T15:20:10Z" finished-at="2020-02-23T15:20:10Z">
    <groups>
    </groups>
    <test name="Default test" duration-ms="34" started-at="2020-02-23T15:20:10Z" finished-at="2020-02-23T15:20:10Z">
      <class name="TestClass.TestDemo">
        <test-method status="PASS" signature="test1()[pri:0, instance:TestClass.TestDemo@4678c730]" name="test1" duration-ms="9" started-at="2020-02-23T15:20:10Z" finished-at="2020-02-23T15:20:10Z">
          <reporter-output>
          </reporter-output>
        </test-method> <!-- test1 -->
      </class> <!-- TestClass.TestDemo -->
    </test> <!-- Default test -->
  </suite> <!-- Default suite -->
</testng-results>
